2025-06-07 21:47:25,792 - INFO - Starting ACGS-1 enhancement plan execution...
2025-06-07 21:47:25,792 - INFO - 🔍 DRY RUN MODE - No actual changes will be made
2025-06-07 21:47:25,792 - INFO - Execution order: [1, 2, 3, 4]
2025-06-07 21:47:25,792 - INFO - Starting Phase 1: Security & Compliance Audit
2025-06-07 21:47:25,792 - INFO - 🔍 SIMULATING Phase 1: Security & Compliance Audit
2025-06-07 21:47:25,792 - INFO -    Priority: CRITICAL
2025-06-07 21:47:25,792 - INFO -    Estimated duration: 8 hours
2025-06-07 21:47:25,792 - INFO -    Success criteria: 3 items
2025-06-07 21:47:26,792 - INFO - ✅ Phase 1 completed successfully in 1.0s
2025-06-07 21:47:26,792 - INFO - Starting Phase 2: Test Infrastructure Strengthening
2025-06-07 21:47:26,793 - INFO - 🔍 SIMULATING Phase 2: Test Infrastructure Strengthening
2025-06-07 21:47:26,793 - INFO -    Priority: HIGH
2025-06-07 21:47:26,793 - INFO -    Estimated duration: 16 hours
2025-06-07 21:47:26,793 - INFO -    Success criteria: 3 items
2025-06-07 21:47:27,793 - INFO - ✅ Phase 2 completed successfully in 1.0s
2025-06-07 21:47:27,793 - INFO - Starting Phase 3: Performance Optimization & Monitoring
2025-06-07 21:47:27,793 - INFO - 🔍 SIMULATING Phase 3: Performance Optimization & Monitoring
2025-06-07 21:47:27,793 - INFO -    Priority: MEDIUM
2025-06-07 21:47:27,793 - INFO -    Estimated duration: 12 hours
2025-06-07 21:47:27,793 - INFO -    Success criteria: 3 items
2025-06-07 21:47:28,793 - INFO - ✅ Phase 3 completed successfully in 1.0s
2025-06-07 21:47:28,793 - INFO - Starting Phase 4: Community & Adoption Strategy
2025-06-07 21:47:28,793 - INFO - 🔍 SIMULATING Phase 4: Community & Adoption Strategy
2025-06-07 21:47:28,793 - INFO -    Priority: MEDIUM
2025-06-07 21:47:28,793 - INFO -    Estimated duration: 10 hours
2025-06-07 21:47:28,793 - INFO -    Success criteria: 3 items
2025-06-07 21:47:29,793 - INFO - ✅ Phase 4 completed successfully in 1.0s
2025-06-07 21:47:29,794 - INFO - Execution report generated: /home/dislove/ACGS-1/acgs_enhancement_report_20250607_214729.json
2025-06-07 21:49:44,100 - INFO - Starting ACGS-1 enhancement plan execution...
2025-06-07 21:49:44,100 - INFO - Execution order: [1, 2, 3, 4]
2025-06-07 21:49:44,100 - INFO - Starting Phase 1: Security & Compliance Audit
2025-06-07 21:49:44,100 - INFO - Executing: /usr/bin/python3 /home/dislove/ACGS-1/scripts/phase1_security_audit.py --full-audit
2025-06-07 21:50:03,844 - INFO - ✅ Phase 1 completed successfully in 19.7s
2025-06-07 21:50:03,844 - INFO - Starting Phase 2: Test Infrastructure Strengthening
2025-06-07 21:50:03,844 - INFO - Executing: /usr/bin/python3 /home/dislove/ACGS-1/scripts/phase2_test_infrastructure.py --setup-all
2025-06-07 21:50:03,917 - ERROR - ❌ Phase 2 failed after 0.1s: Phase 2 script failed: 
2025-06-07 21:50:03,917 - WARNING - Non-critical phase failed. Continuing with remaining phases.
2025-06-07 21:50:03,917 - INFO - Starting Phase 3: Performance Optimization & Monitoring
2025-06-07 21:50:03,917 - INFO - Executing: /usr/bin/python3 /home/dislove/ACGS-1/scripts/phase3_performance_optimization.py --setup-all
2025-06-07 21:50:03,974 - ERROR - ❌ Phase 3 failed after 0.1s: Phase 3 script failed: Traceback (most recent call last):
  File "/home/dislove/ACGS-1/scripts/phase3_performance_optimization.py", line 28, in <module>
    import aiohttp
ModuleNotFoundError: No module named 'aiohttp'

2025-06-07 21:50:03,974 - WARNING - Non-critical phase failed. Continuing with remaining phases.
2025-06-07 21:50:03,974 - INFO - Starting Phase 4: Community & Adoption Strategy
2025-06-07 21:50:03,974 - INFO - Executing: /usr/bin/python3 /home/dislove/ACGS-1/scripts/phase4_community_adoption.py --setup-all
2025-06-07 21:50:04,024 - INFO - ✅ Phase 4 completed successfully in 0.0s
2025-06-07 21:50:04,024 - INFO - Execution report generated: /home/dislove/ACGS-1/acgs_enhancement_report_20250607_215004.json
