2025-06-17 20:01:49,642 - __main__ - INFO - 🚀 ACGS-1 Comprehensive Audit Logging Deployment Starting
2025-06-17 20:01:49,642 - __main__ - INFO - 📝 Starting comprehensive audit logging deployment
2025-06-17 20:01:49,642 - __main__ - WARNING - ⚠️ Could not create directory /var/log/acgs/audit: [Errno 13] Permission denied: '/var/log/acgs/audit'
2025-06-17 20:01:49,642 - __main__ - WARNING - ⚠️ Could not create directory /var/log/acgs/audit/auth: [Errno 13] Permission denied: '/var/log/acgs/audit'
2025-06-17 20:01:49,642 - __main__ - WARNING - ⚠️ Could not create directory /var/log/acgs/audit/ac: [Errno 13] Permission denied: '/var/log/acgs/audit'
2025-06-17 20:01:49,642 - __main__ - WARNING - ⚠️ Could not create directory /var/log/acgs/audit/integrity: [Errno 13] Permission denied: '/var/log/acgs/audit'
2025-06-17 20:01:49,642 - __main__ - WARNING - ⚠️ Could not create directory /var/log/acgs/audit/fv: [Errno 13] Permission denied: '/var/log/acgs/audit'
2025-06-17 20:01:49,643 - __main__ - WARNING - ⚠️ Could not create directory /var/log/acgs/audit/gs: [Errno 13] Permission denied: '/var/log/acgs/audit'
2025-06-17 20:01:49,643 - __main__ - WARNING - ⚠️ Could not create directory /var/log/acgs/audit/pgc: [Errno 13] Permission denied: '/var/log/acgs/audit'
2025-06-17 20:01:49,643 - __main__ - WARNING - ⚠️ Could not create directory /var/log/acgs/audit/ec: [Errno 13] Permission denied: '/var/log/acgs/audit'
2025-06-17 20:01:49,667 - __main__ - INFO - 🔐 Generated encryption keys for audit logging
2025-06-17 20:01:49,667 - __main__ - INFO - 📦 Deploying audit logging to Authentication Service (port 8000)
2025-06-17 20:01:49,668 - __main__ - INFO - Audit logging applied to /home/dislove/ACGS-1/services/platform/authentication/auth_service/app/main.py
2025-06-17 20:01:49,668 - __main__ - INFO - ✅ Audit logging deployed successfully to Authentication Service
2025-06-17 20:01:49,668 - __main__ - INFO - 📦 Deploying audit logging to Constitutional AI Service (port 8001)
2025-06-17 20:01:49,669 - __main__ - INFO - Audit logging applied to /home/dislove/ACGS-1/services/core/constitutional-ai/ac_service/app/main.py
2025-06-17 20:01:49,669 - __main__ - INFO - ✅ Audit logging deployed successfully to Constitutional AI Service
2025-06-17 20:01:49,669 - __main__ - INFO - 📦 Deploying audit logging to Integrity Service (port 8002)
2025-06-17 20:01:49,669 - __main__ - INFO - Audit logging applied to /home/dislove/ACGS-1/services/platform/integrity/integrity_service/app/main.py
2025-06-17 20:01:49,669 - __main__ - INFO - ✅ Audit logging deployed successfully to Integrity Service
2025-06-17 20:01:49,669 - __main__ - INFO - 📦 Deploying audit logging to Formal Verification Service (port 8003)
2025-06-17 20:01:49,669 - __main__ - INFO - Audit logging applied to /home/dislove/ACGS-1/services/core/formal-verification/fv_service/main.py
2025-06-17 20:01:49,669 - __main__ - INFO - ✅ Audit logging deployed successfully to Formal Verification Service
2025-06-17 20:01:49,669 - __main__ - INFO - 📦 Deploying audit logging to Governance Synthesis Service (port 8004)
2025-06-17 20:01:49,670 - __main__ - INFO - Audit logging applied to /home/dislove/ACGS-1/services/core/governance-synthesis/gs_service/app/main.py
2025-06-17 20:01:49,670 - __main__ - INFO - ✅ Audit logging deployed successfully to Governance Synthesis Service
2025-06-17 20:01:49,670 - __main__ - INFO - 📦 Deploying audit logging to Policy Governance Service (port 8005)
2025-06-17 20:01:49,671 - __main__ - INFO - Audit logging applied to /home/dislove/ACGS-1/services/core/policy-governance/pgc_service/app/main.py
2025-06-17 20:01:49,671 - __main__ - INFO - ✅ Audit logging deployed successfully to Policy Governance Service
2025-06-17 20:01:49,671 - __main__ - INFO - 📦 Deploying audit logging to Evolutionary Computation Service (port 8006)
2025-06-17 20:01:49,671 - __main__ - INFO - Audit logging applied to /home/dislove/ACGS-1/services/core/evolutionary-computation/app/main.py
2025-06-17 20:01:49,671 - __main__ - INFO - ✅ Audit logging deployed successfully to Evolutionary Computation Service
2025-06-17 20:01:49,672 - __main__ - INFO - 📄 Deployment report saved to audit_logging_deployment_report.json
