2025-06-18 05:29:56,478 - INFO - Starting ACGS-1 dependency management resolution...
2025-06-18 05:29:56,478 - INFO - Analyzing Python dependencies...
2025-06-18 05:30:05,753 - INFO - Found 17 Python requirements files
2025-06-18 05:30:05,755 - INFO - Found 28 dependency conflicts
2025-06-18 05:30:05,755 - INFO - Resolving OpenTelemetry conflicts...
2025-06-18 05:30:08,111 - INFO - OpenTelemetry conflicts resolved
2025-06-18 05:30:08,111 - INFO - Consolidating core service dependencies...
2025-06-18 05:30:08,112 - INFO - Core service dependencies consolidated
2025-06-18 05:30:08,112 - INFO - Updating blockchain dependencies...
2025-06-18 05:30:09,776 - INFO - Solana CLI version: solana-cli 1.18.22 (src:b286211c; feat:4215500110, client:SolanaLabs)
2025-06-18 05:30:09,777 - INFO - Blockchain dependencies updated
2025-06-18 05:30:09,777 - INFO - Cleaning duplicate dependency files...
2025-06-18 05:30:09,780 - INFO - Duplicate dependency files cleaned
2025-06-18 05:30:09,780 - INFO - Validating dependency resolution...
2025-06-18 05:30:10,188 - INFO - ✅ fastapi import successful
2025-06-18 05:30:10,220 - INFO - ✅ uvicorn import successful
2025-06-18 05:30:10,220 - INFO - ✅ pydantic import successful
2025-06-18 05:30:10,553 - INFO - ✅ httpx import successful
2025-06-18 05:30:10,665 - INFO - ✅ redis import successful
2025-06-18 05:30:10,961 - INFO - ✅ sqlalchemy import successful
2025-06-18 05:30:10,961 - WARNING - ❌ opentelemetry.api import failed: No module named 'opentelemetry.api'
2025-06-18 05:30:10,961 - INFO - Dependency validation completed
2025-06-18 05:30:10,962 - INFO - Dependency resolution completed. Report: /home/dislove/ACGS-1/dependency_resolution_report_20250618_053010.json
