2025-06-17 19:55:12,127 - __main__ - INFO - 🚀 ACGS-1 Security Middleware Deployment Starting
2025-06-17 19:55:12,127 - __main__ - INFO - 🔒 Starting security middleware deployment to all ACGS-1 services
2025-06-17 19:55:12,127 - __main__ - INFO - 📦 Deploying security middleware to Authentication Service (port 8000)
2025-06-17 19:55:12,128 - __main__ - INFO - Security middleware applied to /home/dislove/ACGS-1/services/platform/authentication/auth_service/app/main.py
2025-06-17 19:55:12,158 - httpx - INFO - HTTP Request: GET http://localhost:8000/health "HTTP/1.1 200 OK"
2025-06-17 19:55:12,158 - __main__ - INFO - ✅ Security middleware deployed successfully to Authentication Service
2025-06-17 19:55:12,158 - __main__ - INFO - 📦 Deploying security middleware to Constitutional AI Service (port 8001)
2025-06-17 19:55:12,159 - __main__ - INFO - Security middleware applied to /home/dislove/ACGS-1/services/core/constitutional-ai/ac_service/app/main.py
2025-06-17 19:55:12,177 - httpx - INFO - HTTP Request: GET http://localhost:8001/health "HTTP/1.1 200 OK"
2025-06-17 19:55:12,177 - __main__ - INFO - ✅ Security middleware deployed successfully to Constitutional AI Service
2025-06-17 19:55:12,177 - __main__ - INFO - 📦 Deploying security middleware to Integrity Service (port 8002)
2025-06-17 19:55:12,178 - __main__ - INFO - Security middleware applied to /home/dislove/ACGS-1/services/platform/integrity/integrity_service/app/main.py
2025-06-17 19:55:12,192 - httpx - INFO - HTTP Request: GET http://localhost:8002/health "HTTP/1.1 200 OK"
2025-06-17 19:55:12,193 - __main__ - INFO - ✅ Security middleware deployed successfully to Integrity Service
2025-06-17 19:55:12,193 - __main__ - INFO - 📦 Deploying security middleware to Formal Verification Service (port 8003)
2025-06-17 19:55:12,193 - __main__ - INFO - Security middleware applied to /home/dislove/ACGS-1/services/core/formal-verification/fv_service/main.py
2025-06-17 19:55:12,217 - httpx - INFO - HTTP Request: GET http://localhost:8003/health "HTTP/1.1 200 OK"
2025-06-17 19:55:12,217 - __main__ - INFO - ✅ Security middleware deployed successfully to Formal Verification Service
2025-06-17 19:55:12,217 - __main__ - INFO - 📦 Deploying security middleware to Governance Synthesis Service (port 8004)
2025-06-17 19:55:12,218 - __main__ - INFO - Security middleware applied to /home/dislove/ACGS-1/services/core/governance-synthesis/gs_service/app/main.py
2025-06-17 19:55:12,239 - __main__ - INFO - ✅ Security middleware deployed successfully to Governance Synthesis Service
2025-06-17 19:55:12,239 - __main__ - INFO - 📦 Deploying security middleware to Policy Governance Service (port 8005)
2025-06-17 19:55:12,240 - __main__ - INFO - Security middleware applied to /home/dislove/ACGS-1/services/core/policy-governance/pgc_service/app/main.py
2025-06-17 19:55:12,254 - __main__ - INFO - ✅ Security middleware deployed successfully to Policy Governance Service
2025-06-17 19:55:12,254 - __main__ - INFO - 📦 Deploying security middleware to Evolutionary Computation Service (port 8006)
2025-06-17 19:55:12,254 - __main__ - INFO - Security middleware applied to /home/dislove/ACGS-1/services/core/evolutionary-computation/app/main.py
2025-06-17 19:55:12,275 - httpx - INFO - HTTP Request: GET http://localhost:8006/health "HTTP/1.1 200 OK"
2025-06-17 19:55:12,275 - __main__ - INFO - ✅ Security middleware deployed successfully to Evolutionary Computation Service
2025-06-17 19:55:12,276 - __main__ - INFO - 📄 Deployment report saved to security_middleware_deployment_report.json
